

times in msec
 clock   self+sourced   self:  sourced script
 clock   elapsed:              other lines

000.004  000.004: --- NVIM STARTING ---
000.205  000.201: locale set
000.451  000.246: inits 1
000.488  000.036: window checked
002.763  002.275: parsing arguments
002.790  000.027: expanding arguments
002.823  000.033: inits 2
003.257  000.434: init highlight
003.258  000.001: waiting for UI
003.978  000.720: done waiting for UI
004.015  000.037: init screen for UI
004.033  000.017: init default mappings
004.078  000.046: init default autocommands
004.115  000.010  000.010: sourcing /usr/share/nvim/archlinux.vim
004.117  000.028  000.018: sourcing /etc/xdg/nvim/sysinit.vim
005.816  001.686  001.686: sourcing /home/zach/.config/nvim/init.lua
005.821  000.029: sourcing vimrc file(s)
011.736  000.023  000.023: sourcing /usr/share/vim/vimfiles/ftdetect/meson.vim
011.858  005.985  005.962: sourcing /home/zach/progfiles/nvim-cmdheight/share/nvim/runtime/filetype.vim
011.942  000.030  000.030: sourcing /home/zach/progfiles/nvim-cmdheight/share/nvim/runtime/ftplugin.vim
012.017  000.023  000.023: sourcing /home/zach/progfiles/nvim-cmdheight/share/nvim/runtime/indent.vim
012.166  000.064  000.064: sourcing /home/zach/progfiles/nvim-cmdheight/share/nvim/runtime/syntax/synload.vim
012.244  000.207  000.143: sourcing /home/zach/progfiles/nvim-cmdheight/share/nvim/runtime/syntax/syntax.vim
012.718  000.013  000.013: sourcing /home/zach/progfiles/nvim-cmdheight/share/nvim/runtime/plugin/gzip.vim
012.734  000.007  000.007: sourcing /home/zach/progfiles/nvim-cmdheight/share/nvim/runtime/plugin/health.vim
012.798  000.056  000.056: sourcing /home/zach/progfiles/nvim-cmdheight/share/nvim/runtime/plugin/man.vim
012.817  000.010  000.010: sourcing /home/zach/progfiles/nvim-cmdheight/share/nvim/runtime/plugin/matchit.vim
012.954  000.127  000.127: sourcing /home/zach/progfiles/nvim-cmdheight/share/nvim/runtime/plugin/matchparen.vim
012.980  000.014  000.014: sourcing /home/zach/progfiles/nvim-cmdheight/share/nvim/runtime/plugin/netrwPlugin.vim
013.101  000.008  000.008: sourcing /home/zach/.local/share/nvim/rplugin.vim
013.106  000.116  000.109: sourcing /home/zach/progfiles/nvim-cmdheight/share/nvim/runtime/plugin/rplugin.vim
013.193  000.079  000.079: sourcing /home/zach/progfiles/nvim-cmdheight/share/nvim/runtime/plugin/shada.vim
013.218  000.010  000.010: sourcing /home/zach/progfiles/nvim-cmdheight/share/nvim/runtime/plugin/spellfile.vim
013.243  000.012  000.012: sourcing /home/zach/progfiles/nvim-cmdheight/share/nvim/runtime/plugin/tarPlugin.vim
013.261  000.008  000.008: sourcing /home/zach/progfiles/nvim-cmdheight/share/nvim/runtime/plugin/tohtml.vim
013.294  000.015  000.015: sourcing /home/zach/progfiles/nvim-cmdheight/share/nvim/runtime/plugin/tutor.vim
013.317  000.013  000.013: sourcing /home/zach/progfiles/nvim-cmdheight/share/nvim/runtime/plugin/zipPlugin.vim
013.885  000.518  000.518: sourcing /usr/share/vim/vimfiles/plugin/fzf.vim
025.809  011.871  011.871: sourcing /home/zach/.config/nvim/plugin/packer_compiled.lua
025.983  001.047: loading rtp plugins
026.173  000.068  000.068: sourcing /home/zach/.local/share/nvim/site/pack/packer/start/DAPInstall.nvim/plugin/dicmds.vim
026.335  000.039  000.039: sourcing /home/zach/.local/share/nvim/site/pack/packer/start/nvim-jqx/plugin/nvim-jqx.vim
026.465  000.027  000.027: sourcing /home/zach/.local/share/nvim/site/pack/packer/start/plenary.nvim/plugin/plenary.vim
026.616  000.066  000.066: sourcing /home/zach/.local/share/nvim/site/pack/packer/start/trouble.nvim/plugin/trouble.vim
026.726  000.543: loading packages
026.728  000.002: loading after plugins
026.736  000.009: inits 3
030.612  003.875: reading ShaDa
033.255  000.063  000.063: sourcing /home/zach/progfiles/nvim-cmdheight/share/nvim/runtime/ftplugin/lua.vim
033.960  000.039  000.039: sourcing /home/zach/progfiles/nvim-cmdheight/share/nvim/runtime/indent/lua.vim
034.939  000.726  000.726: sourcing /home/zach/progfiles/nvim-cmdheight/share/nvim/runtime/syntax/lua.vim
036.901  000.016  000.016: sourcing /home/zach/.local/share/nvim/site/pack/packer/opt/indent-blankline.nvim/autoload/indent_blankline.vim
037.197  001.512  001.496: sourcing /home/zach/.local/share/nvim/site/pack/packer/opt/indent-blankline.nvim/plugin/indent_blankline.vim
040.169  002.533  002.533: sourcing /home/zach/.local/share/nvim/site/pack/packer/opt/lightspeed.nvim/plugin/lightspeed.vim
044.202  003.813  003.813: sourcing /home/zach/.local/share/nvim/site/pack/packer/opt/nvim-treesitter/plugin/nvim-treesitter.vim
044.385  000.022  000.022: sourcing /home/zach/.local/share/nvim/site/pack/packer/opt/nvim-treesitter/ftdetect/elixir.vim
044.408  000.013  000.013: sourcing /home/zach/.local/share/nvim/site/pack/packer/opt/nvim-treesitter/ftdetect/fish.vim
044.429  000.012  000.012: sourcing /home/zach/.local/share/nvim/site/pack/packer/opt/nvim-treesitter/ftdetect/gdresource.vim
044.449  000.008  000.008: sourcing /home/zach/.local/share/nvim/site/pack/packer/opt/nvim-treesitter/ftdetect/gdscript.vim
044.468  000.009  000.009: sourcing /home/zach/.local/share/nvim/site/pack/packer/opt/nvim-treesitter/ftdetect/gomod.vim
044.494  000.014  000.014: sourcing /home/zach/.local/share/nvim/site/pack/packer/opt/nvim-treesitter/ftdetect/graphql.vim
044.520  000.015  000.015: sourcing /home/zach/.local/share/nvim/site/pack/packer/opt/nvim-treesitter/ftdetect/hcl.vim
044.545  000.008  000.008: sourcing /home/zach/.local/share/nvim/site/pack/packer/opt/nvim-treesitter/ftdetect/heex.vim
044.563  000.009  000.009: sourcing /home/zach/.local/share/nvim/site/pack/packer/opt/nvim-treesitter/ftdetect/json5.vim
044.582  000.008  000.008: sourcing /home/zach/.local/share/nvim/site/pack/packer/opt/nvim-treesitter/ftdetect/julia.vim
044.605  000.013  000.013: sourcing /home/zach/.local/share/nvim/site/pack/packer/opt/nvim-treesitter/ftdetect/ledger.vim
044.624  000.008  000.008: sourcing /home/zach/.local/share/nvim/site/pack/packer/opt/nvim-treesitter/ftdetect/nix.vim
044.645  000.010  000.010: sourcing /home/zach/.local/share/nvim/site/pack/packer/opt/nvim-treesitter/ftdetect/ql.vim
044.670  000.016  000.016: sourcing /home/zach/.local/share/nvim/site/pack/packer/opt/nvim-treesitter/ftdetect/query.vim
044.690  000.009  000.009: sourcing /home/zach/.local/share/nvim/site/pack/packer/opt/nvim-treesitter/ftdetect/surface.vim
044.708  000.008  000.008: sourcing /home/zach/.local/share/nvim/site/pack/packer/opt/nvim-treesitter/ftdetect/teal.vim
044.727  000.008  000.008: sourcing /home/zach/.local/share/nvim/site/pack/packer/opt/nvim-treesitter/ftdetect/tlaplus.vim
044.746  000.009  000.009: sourcing /home/zach/.local/share/nvim/site/pack/packer/opt/nvim-treesitter/ftdetect/yang.vim
044.764  000.009  000.009: sourcing /home/zach/.local/share/nvim/site/pack/packer/opt/nvim-treesitter/ftdetect/zig.vim
052.595  000.029  000.029: sourcing /home/zach/.local/share/nvim/site/pack/packer/opt/nvim-colorizer.lua/plugin/colorizer.vim
054.706  000.032  000.032: sourcing /home/zach/.local/share/nvim/site/pack/packer/opt/toggleterm.nvim/plugin/toggleterm.vim
057.461  017.891: opening buffers
057.512  000.051: BufEnter autocommands
057.514  000.002: editing files in windows
060.157  000.033  000.033: sourcing /home/zach/.local/share/nvim/site/pack/packer/opt/nvim-web-devicons/plugin/nvim-web-devicons.vim
063.786  006.240: VimEnter autocommands
063.789  000.003: UIEnter autocommands
064.094  000.198  000.198: sourcing /home/zach/progfiles/nvim-cmdheight/share/nvim/runtime/autoload/provider/clipboard.vim
064.100  000.112: before starting main loop
086.006  021.906: first screen update
086.008  000.002: --- NVIM STARTED ---
